<?xml version="1.0" encoding="UTF-8"?>
<testng-results ignored="0" total="1" passed="1" failed="0" skipped="0">
  <reporter-output>
  </reporter-output>
  <suite started-at="2023-10-28T11:05:51 IST" name="Default suite" finished-at="2023-10-28T11:05:51 IST" duration-ms="152">
    <groups>
    </groups>
    <test started-at="2023-10-28T11:05:51 IST" name="Default test" finished-at="2023-10-28T11:05:51 IST" duration-ms="152">
      <class name="Scripts.Dummy">
        <test-method signature="Sample()[pri:0, instance:Scripts.Dummy@2f177a4b]" started-at="2023-10-28T11:05:51 IST" name="Sample" finished-at="2023-10-28T11:05:51 IST" duration-ms="24" status="PASS">
          <reporter-output>
          </reporter-output>
        </test-method> <!-- Sample -->
      </class> <!-- Scripts.Dummy -->
    </test> <!-- Default test -->
  </suite> <!-- Default suite -->
</testng-results>
